# JRE version: Java(TM) SE Runtime Environment (8.0_371) (build 1.8.0_371-b11)
# Java VM: Java HotSpot(TM) 64-Bit Server VM (25.371-b11 mixed mode windows-amd64 compressed oops)
Heap:
 PSYoungGen      total 502784K, used 408169K [0x000000076c900000, 0x000000078d400000, 0x00000007c0000000)
  eden space 480768K, 80% used [0x000000076c900000,0x000000078421d068,0x0000000789e80000)
  from space 22016K, 99% used [0x000000078b780000,0x000000078ccfd3a0,0x000000078cd00000)
  to   space 25600K, 0% used [0x0000000789e80000,0x0000000789e80000,0x000000078b780000)
 ParOldGen       total 227840K, used 31621K [0x00000006c5a00000, 0x00000006d3880000, 0x000000076c900000)
  object space 227840K, 13% used [0x00000006c5a00000,0x00000006c78e14e0,0x00000006d3880000)
 Metaspace       used 90662K, capacity 96895K, committed 96984K, reserved 1134592K
  class space    used 11765K, capacity 12779K, committed 12800K, reserved 1048576K
GC Heap History (10 events):
Event: 8.853 GC heap before
{Heap before GC invocations=9 (full 2):
 PSYoungGen      total 281088K, used 266240K [0x000000076c900000, 0x0000000786600000, 0x00000007c0000000)
  eden space 266240K, 100% used [0x000000076c900000,0x000000077cd00000,0x000000077cd00000)
  from space 14848K, 0% used [0x000000077db80000,0x000000077db80000,0x000000077ea00000)
  to   space 14848K, 0% used [0x000000077cd00000,0x000000077cd00000,0x000000077db80000)
 ParOldGen       total 161792K, used 15619K [0x00000006c5a00000, 0x00000006cf800000, 0x000000076c900000)
  object space 161792K, 9% used [0x00000006c5a00000,0x00000006c6940d08,0x00000006cf800000)
 Metaspace       used 49154K, capacity 51811K, committed 52184K, reserved 1095680K
  class space    used 6326K, capacity 6788K, committed 6912K, reserved 1048576K
Event: 8.865 GC heap after
Heap after GC invocations=9 (full 2):
 PSYoungGen      total 281088K, used 14819K [0x000000076c900000, 0x0000000787400000, 0x00000007c0000000)
  eden space 266240K, 0% used [0x000000076c900000,0x000000076c900000,0x000000077cd00000)
  from space 14848K, 99% used [0x000000077cd00000,0x000000077db78f80,0x000000077db80000)
  to   space 18432K, 0% used [0x0000000786200000,0x0000000786200000,0x0000000787400000)
 ParOldGen       total 161792K, used 18709K [0x00000006c5a00000, 0x00000006cf800000, 0x000000076c900000)
  object space 161792K, 11% used [0x00000006c5a00000,0x00000006c6c45770,0x00000006cf800000)
 Metaspace       used 49154K, capacity 51811K, committed 52184K, reserved 1095680K
  class space    used 6326K, capacity 6788K, committed 6912K, reserved 1048576K
}
Event: 9.803 GC heap before
{Heap before GC invocations=10 (full 2):
 PSYoungGen      total 281088K, used 104662K [0x000000076c900000, 0x0000000787400000, 0x00000007c0000000)
  eden space 266240K, 33% used [0x000000076c900000,0x00000007720bc8b0,0x000000077cd00000)
  from space 14848K, 99% used [0x000000077cd00000,0x000000077db78f80,0x000000077db80000)
  to   space 18432K, 0% used [0x0000000786200000,0x0000000786200000,0x0000000787400000)
 ParOldGen       total 161792K, used 18709K [0x00000006c5a00000, 0x00000006cf800000, 0x000000076c900000)
  object space 161792K, 11% used [0x00000006c5a00000,0x00000006c6c45770,0x00000006cf800000)
 Metaspace       used 56078K, capacity 58849K, committed 58968K, reserved 1099776K
  class space    used 7231K, capacity 7734K, committed 7808K, reserved 1048576K
Event: 9.814 GC heap after
Heap after GC invocations=10 (full 2):
 PSYoungGen      total 417792K, used 15510K [0x000000076c900000, 0x0000000787880000, 0x00000007c0000000)
  eden space 399360K, 0% used [0x000000076c900000,0x000000076c900000,0x0000000784f00000)
  from space 18432K, 84% used [0x0000000786200000,0x0000000787125800,0x0000000787400000)
  to   space 19456K, 0% used [0x0000000784f00000,0x0000000784f00000,0x0000000786200000)
 ParOldGen       total 161792K, used 18717K [0x00000006c5a00000, 0x00000006cf800000, 0x000000076c900000)
  object space 161792K, 11% used [0x00000006c5a00000,0x00000006c6c47770,0x00000006cf800000)
 Metaspace       used 56078K, capacity 58849K, committed 58968K, reserved 1099776K
  class space    used 7231K, capacity 7734K, committed 7808K, reserved 1048576K
}
Event: 9.814 GC heap before
{Heap before GC invocations=11 (full 3):
 PSYoungGen      total 417792K, used 15510K [0x000000076c900000, 0x0000000787880000, 0x00000007c0000000)
  eden space 399360K, 0% used [0x000000076c900000,0x000000076c900000,0x0000000784f00000)
  from space 18432K, 84% used [0x0000000786200000,0x0000000787125800,0x0000000787400000)
  to   space 19456K, 0% used [0x0000000784f00000,0x0000000784f00000,0x0000000786200000)
 ParOldGen       total 161792K, used 18717K [0x00000006c5a00000, 0x00000006cf800000, 0x000000076c900000)
  object space 161792K, 11% used [0x00000006c5a00000,0x00000006c6c47770,0x00000006cf800000)
 Metaspace       used 56078K, capacity 58849K, committed 58968K, reserved 1099776K
  class space    used 7231K, capacity 7734K, committed 7808K, reserved 1048576K
Event: 9.923 GC heap after
Heap after GC invocations=11 (full 3):
 PSYoungGen      total 417792K, used 0K [0x000000076c900000, 0x0000000787880000, 0x00000007c0000000)
  eden space 399360K, 0% used [0x000000076c900000,0x000000076c900000,0x0000000784f00000)
  from space 18432K, 0% used [0x0000000786200000,0x0000000786200000,0x0000000787400000)
  to   space 19456K, 0% used [0x0000000784f00000,0x0000000784f00000,0x0000000786200000)
 ParOldGen       total 227840K, used 27831K [0x00000006c5a00000, 0x00000006d3880000, 0x000000076c900000)
  object space 227840K, 12% used [0x00000006c5a00000,0x00000006c752dfd8,0x00000006d3880000)
 Metaspace       used 56078K, capacity 58849K, committed 58968K, reserved 1099776K
  class space    used 7231K, capacity 7734K, committed 7808K, reserved 1048576K
}
Event: 12.180 GC heap before
{Heap before GC invocations=12 (full 3):
 PSYoungGen      total 417792K, used 399360K [0x000000076c900000, 0x0000000787880000, 0x00000007c0000000)
  eden space 399360K, 100% used [0x000000076c900000,0x0000000784f00000,0x0000000784f00000)
  from space 18432K, 0% used [0x0000000786200000,0x0000000786200000,0x0000000787400000)
  to   space 19456K, 0% used [0x0000000784f00000,0x0000000784f00000,0x0000000786200000)
 ParOldGen       total 227840K, used 27831K [0x00000006c5a00000, 0x00000006d3880000, 0x000000076c900000)
  object space 227840K, 12% used [0x00000006c5a00000,0x00000006c752dfd8,0x00000006d3880000)
 Metaspace       used 71172K, capacity 75211K, committed 75224K, reserved 1114112K
  class space    used 9314K, capacity 9981K, committed 9984K, reserved 1048576K
Event: 12.193 GC heap after
Heap after GC invocations=12 (full 3):
 PSYoungGen      total 418816K, used 19449K [0x000000076c900000, 0x000000078cd00000, 0x00000007c0000000)
  eden space 399360K, 0% used [0x000000076c900000,0x000000076c900000,0x0000000784f00000)
  from space 19456K, 99% used [0x0000000784f00000,0x00000007861fe638,0x0000000786200000)
  to   space 22016K, 0% used [0x000000078b780000,0x000000078b780000,0x000000078cd00000)
 ParOldGen       total 227840K, used 28306K [0x00000006c5a00000, 0x00000006d3880000, 0x000000076c900000)
  object space 227840K, 12% used [0x00000006c5a00000,0x00000006c75a4ba0,0x00000006d3880000)
 Metaspace       used 71172K, capacity 75211K, committed 75224K, reserved 1114112K
  class space    used 9314K, capacity 9981K, committed 9984K, reserved 1048576K
}
Event: 13.966 GC heap before
{Heap before GC invocations=13 (full 3):
 PSYoungGen      total 418816K, used 418809K [0x000000076c900000, 0x000000078cd00000, 0x00000007c0000000)
  eden space 399360K, 100% used [0x000000076c900000,0x0000000784f00000,0x0000000784f00000)
  from space 19456K, 99% used [0x0000000784f00000,0x00000007861fe638,0x0000000786200000)
  to   space 22016K, 0% used [0x000000078b780000,0x000000078b780000,0x000000078cd00000)
 ParOldGen       total 227840K, used 28306K [0x00000006c5a00000, 0x00000006d3880000, 0x000000076c900000)
  object space 227840K, 12% used [0x00000006c5a00000,0x00000006c75a4ba0,0x00000006d3880000)
 Metaspace       used 78013K, capacity 82523K, committed 82776K, reserved 1122304K
  class space    used 10086K, capacity 10837K, committed 10880K, reserved 1048576K
Event: 13.982 GC heap after
Heap after GC invocations=13 (full 3):
 PSYoungGen      total 502784K, used 22004K [0x000000076c900000, 0x000000078d400000, 0x00000007c0000000)
  eden space 480768K, 0% used [0x000000076c900000,0x000000076c900000,0x0000000789e80000)
  from space 22016K, 99% used [0x000000078b780000,0x000000078ccfd3a0,0x000000078cd00000)
  to   space 25600K, 0% used [0x0000000789e80000,0x0000000789e80000,0x000000078b780000)
 ParOldGen       total 227840K, used 31621K [0x00000006c5a00000, 0x00000006d3880000, 0x000000076c900000)
  object space 227840K, 13% used [0x00000006c5a00000,0x00000006c78e14e0,0x00000006d3880000)
 Metaspace       used 78013K, capacity 82523K, committed 82776K, reserved 1122304K
  class space    used 10086K, capacity 10837K, committed 10880K, reserved 1048576K
}

